<?xml version="1.0" encoding="UTF-8"?>
<!-- Generated by org.testng.reporters.JUnitReportReporter -->
<testsuite hostname="Admin" failures="0" tests="2" name="Practice.test4" time="0.008" errors="0" timestamp="2023-11-04T15:31:06 IST" skipped="0">
  <testcase classname="Practice.test4" name="Home" time="0.006"/>
  <testcase classname="Practice.test4" name="Home1" time="0.002"/>
</testsuite> <!-- Practice.test4 -->
