<?xml version="1.0" encoding="UTF-8"?>
<!-- Generated by org.testng.reporters.JUnitReportReporter -->
<testsuite hostname="Admin" failures="0" tests="1" name="Basic.CreateOrganization" time="15.843" errors="0" timestamp="2023-11-22T10:04:45 IST" skipped="0">
  <testcase classname="Basic.CreateOrganization" name="Organization" time="15.843">
    <system-out>
      <![CDATA[Clicking on Organization
Entering account name]]>
    </system-out>
  </testcase> <!-- Organization -->
  <system-out>
    <![CDATA[---Connect to Data Base---
Clicking on Organization
Entering account name
---Disconnect to Data Base---]]>
  </system-out>
</testsuite> <!-- Basic.CreateOrganization -->
