<?xml version="1.0" encoding="UTF-8"?>
<!-- Generated by org.testng.reporters.JUnitReportReporter -->
<testsuite hostname="Admin" failures="0" tests="3" name="Practice.test6" time="0.007" errors="0" timestamp="2023-11-20T15:03:18 IST" skipped="0">
  <testcase classname="Practice.test6" name="facebook" time="0.000"/>
  <testcase classname="Practice.test6" name="facebook" time="0.001"/>
  <testcase classname="Practice.test6" name="facebook" time="0.006"/>
</testsuite> <!-- Practice.test6 -->
