<?xml version="1.0" encoding="UTF-8"?>
<!-- Generated by org.testng.reporters.JUnitReportReporter -->
<testsuite hostname="Admin" failures="0" tests="1" name="Basic.CreateContact" time="17.031" errors="0" timestamp="2023-11-18T11:24:24 IST" skipped="0">
  <testcase classname="Basic.CreateContact" name="Contact" time="17.031"/>
</testsuite> <!-- Basic.CreateContact -->
