<?xml version="1.0" encoding="UTF-8"?>
<!-- Generated by org.testng.reporters.JUnitReportReporter -->
<testsuite hostname="Admin" failures="0" tests="2" name="Practice.test5" time="7.357" errors="0" timestamp="2023-11-20T14:33:38 IST" skipped="0">
  <testcase classname="Practice.test5" name="facebook" time="5.328"/>
  <testcase classname="Practice.test5" name="facebook" time="2.029"/>
</testsuite> <!-- Practice.test5 -->
