<?xml version="1.0" encoding="UTF-8"?>
<!-- Generated by org.testng.reporters.JUnitReportReporter -->
<testsuite hostname="Admin" failures="0" tests="1" name="Basic.try1" time="3.437" errors="0" timestamp="2023-11-03T15:03:58 IST" skipped="0">
  <testcase classname="Basic.try1" name="login" time="3.437"/>
</testsuite> <!-- Basic.try1 -->
