<?xml version="1.0" encoding="UTF-8"?>
<!-- Generated by org.testng.reporters.JUnitReportReporter -->
<testsuite hostname="Admin" failures="0" tests="2" name="Practice.test1" time="4.224" errors="0" timestamp="2023-11-20T14:15:17 IST" skipped="0">
  <testcase classname="Practice.test1" name="instagram" time="1.310"/>
  <testcase classname="Practice.test1" name="facebook" time="2.914"/>
</testsuite> <!-- Practice.test1 -->
