<?xml version="1.0" encoding="UTF-8"?>
<!-- Generated by org.testng.reporters.JUnitReportReporter -->
<testsuite hostname="Admin" failures="0" tests="1" name="Practice.test2" time="1.967" errors="0" timestamp="2023-11-04T15:06:23 IST" skipped="0">
  <testcase classname="Practice.test2" name="vtigercrm" time="1.967"/>
</testsuite> <!-- Practice.test2 -->
