<?xml version="1.0" encoding="UTF-8"?>
<!-- Generated by org.testng.reporters.JUnitReportReporter -->
<testsuite hostname="Admin" failures="0" tests="1" name="Practice.test7" time="1.980" errors="0" timestamp="2023-11-21T09:46:07 IST" skipped="0">
  <testcase classname="Practice.test7" name="vtiger" time="1.980"/>
  <system-out>
    <![CDATA[--Connect to data base--
--Launch the Browser--- 
--Close the Browser---
--Disconnect to data base--]]>
  </system-out>
</testsuite> <!-- Practice.test7 -->
